\BOOKMARK [0][-]{chapter.1}{\376\377\000H\000i\000e\000r\000a\000r\000c\000h\000i\000c\000a\000l\000\040\000I\000n\000d\000e\000x}{}% 1
\BOOKMARK [1][-]{section.1.1}{\376\377\000C\000l\000a\000s\000s\000\040\000H\000i\000e\000r\000a\000r\000c\000h\000y}{chapter.1}% 2
\BOOKMARK [0][-]{chapter.2}{\376\377\000C\000l\000a\000s\000s\000\040\000I\000n\000d\000e\000x}{}% 3
\BOOKMARK [1][-]{section.2.1}{\376\377\000C\000l\000a\000s\000s\000\040\000L\000i\000s\000t}{chapter.2}% 4
\BOOKMARK [0][-]{chapter.3}{\376\377\000F\000i\000l\000e\000\040\000I\000n\000d\000e\000x}{}% 5
\BOOKMARK [1][-]{section.3.1}{\376\377\000F\000i\000l\000e\000\040\000L\000i\000s\000t}{chapter.3}% 6
\BOOKMARK [0][-]{chapter.4}{\376\377\000C\000l\000a\000s\000s\000\040\000D\000o\000c\000u\000m\000e\000n\000t\000a\000t\000i\000o\000n}{}% 7
\BOOKMARK [1][-]{section.4.1}{\376\377\000A\000F\000a\000c\000t\000o\000r\000y\000\040\000C\000l\000a\000s\000s\000\040\000R\000e\000f\000e\000r\000e\000n\000c\000e}{chapter.4}% 8
\BOOKMARK [2][-]{subsection.4.1.1}{\376\377\000D\000e\000t\000a\000i\000l\000e\000d\000\040\000D\000e\000s\000c\000r\000i\000p\000t\000i\000o\000n}{section.4.1}% 9
\BOOKMARK [2][-]{subsection.4.1.2}{\376\377\000M\000e\000m\000b\000e\000r\000\040\000F\000u\000n\000c\000t\000i\000o\000n\000\040\000D\000o\000c\000u\000m\000e\000n\000t\000a\000t\000i\000o\000n}{section.4.1}% 10
\BOOKMARK [3][-]{subsubsection.4.1.2.1}{\376\377\000b\000u\000i\000l\000d}{subsection.4.1.2}% 11
\BOOKMARK [3][-]{subsubsection.4.1.2.2}{\376\377\000c\000r\000e\000a\000t\000e\000B\000l\000o\000c\000k}{subsection.4.1.2}% 12
\BOOKMARK [1][-]{section.4.2}{\376\377\000A\000U\000p\000g\000r\000a\000d\000e\000\040\000C\000l\000a\000s\000s\000\040\000R\000e\000f\000e\000r\000e\000n\000c\000e}{chapter.4}% 13
\BOOKMARK [2][-]{subsection.4.2.1}{\376\377\000D\000e\000t\000a\000i\000l\000e\000d\000\040\000D\000e\000s\000c\000r\000i\000p\000t\000i\000o\000n}{section.4.2}% 14
\BOOKMARK [2][-]{subsection.4.2.2}{\376\377\000C\000o\000n\000s\000t\000r\000u\000c\000t\000o\000r\000\040\000\046\000\040\000D\000e\000s\000t\000r\000u\000c\000t\000o\000r\000\040\000D\000o\000c\000u\000m\000e\000n\000t\000a\000t\000i\000o\000n}{section.4.2}% 15
\BOOKMARK [3][-]{subsubsection.4.2.2.1}{\376\377\000A\000U\000p\000g\000r\000a\000d\000e}{subsection.4.2.2}% 16
\BOOKMARK [1][-]{section.4.3}{\376\377\000B\000l\000o\000c\000k\000G\000r\000o\000u\000n\000d\0001\000\040\000C\000l\000a\000s\000s\000\040\000R\000e\000f\000e\000r\000e\000n\000c\000e}{chapter.4}% 17
\BOOKMARK [2][-]{subsection.4.3.1}{\376\377\000D\000e\000t\000a\000i\000l\000e\000d\000\040\000D\000e\000s\000c\000r\000i\000p\000t\000i\000o\000n}{section.4.3}% 18
\BOOKMARK [2][-]{subsection.4.3.2}{\376\377\000M\000e\000m\000b\000e\000r\000\040\000F\000u\000n\000c\000t\000i\000o\000n\000\040\000D\000o\000c\000u\000m\000e\000n\000t\000a\000t\000i\000o\000n}{section.4.3}% 19
\BOOKMARK [3][-]{subsubsection.4.3.2.1}{\376\377\000g\000e\000t\000S\000p\000r\000i\000t\000e}{subsection.4.3.2}% 20
\BOOKMARK [3][-]{subsubsection.4.3.2.2}{\376\377\000g\000e\000t\000T\000e\000x\000t\000u\000r\000e}{subsection.4.3.2}% 21
\BOOKMARK [1][-]{section.4.4}{\376\377\000B\000l\000o\000c\000k\000G\000r\000o\000u\000n\000d\0002\000\040\000C\000l\000a\000s\000s\000\040\000R\000e\000f\000e\000r\000e\000n\000c\000e}{chapter.4}% 22
\BOOKMARK [2][-]{subsection.4.4.1}{\376\377\000D\000e\000t\000a\000i\000l\000e\000d\000\040\000D\000e\000s\000c\000r\000i\000p\000t\000i\000o\000n}{section.4.4}% 23
\BOOKMARK [2][-]{subsection.4.4.2}{\376\377\000M\000e\000m\000b\000e\000r\000\040\000F\000u\000n\000c\000t\000i\000o\000n\000\040\000D\000o\000c\000u\000m\000e\000n\000t\000a\000t\000i\000o\000n}{section.4.4}% 24
\BOOKMARK [3][-]{subsubsection.4.4.2.1}{\376\377\000g\000e\000t\000S\000p\000r\000i\000t\000e}{subsection.4.4.2}% 25
\BOOKMARK [3][-]{subsubsection.4.4.2.2}{\376\377\000g\000e\000t\000T\000e\000x\000t\000u\000r\000e}{subsection.4.4.2}% 26
\BOOKMARK [1][-]{section.4.5}{\376\377\000B\000l\000o\000c\000k\000G\000r\000o\000u\000n\000d\0003\000\040\000C\000l\000a\000s\000s\000\040\000R\000e\000f\000e\000r\000e\000n\000c\000e}{chapter.4}% 27
\BOOKMARK [2][-]{subsection.4.5.1}{\376\377\000D\000e\000t\000a\000i\000l\000e\000d\000\040\000D\000e\000s\000c\000r\000i\000p\000t\000i\000o\000n}{section.4.5}% 28
\BOOKMARK [2][-]{subsection.4.5.2}{\376\377\000M\000e\000m\000b\000e\000r\000\040\000F\000u\000n\000c\000t\000i\000o\000n\000\040\000D\000o\000c\000u\000m\000e\000n\000t\000a\000t\000i\000o\000n}{section.4.5}% 29
\BOOKMARK [3][-]{subsubsection.4.5.2.1}{\376\377\000g\000e\000t\000S\000p\000r\000i\000t\000e}{subsection.4.5.2}% 30
\BOOKMARK [3][-]{subsubsection.4.5.2.2}{\376\377\000g\000e\000t\000T\000e\000x\000t\000u\000r\000e}{subsection.4.5.2}% 31
\BOOKMARK [1][-]{section.4.6}{\376\377\000C\000a\000p\000e\000\040\000C\000l\000a\000s\000s\000\040\000R\000e\000f\000e\000r\000e\000n\000c\000e}{chapter.4}% 32
\BOOKMARK [2][-]{subsection.4.6.1}{\376\377\000D\000e\000t\000a\000i\000l\000e\000d\000\040\000D\000e\000s\000c\000r\000i\000p\000t\000i\000o\000n}{section.4.6}% 33
\BOOKMARK [2][-]{subsection.4.6.2}{\376\377\000C\000o\000n\000s\000t\000r\000u\000c\000t\000o\000r\000\040\000\046\000\040\000D\000e\000s\000t\000r\000u\000c\000t\000o\000r\000\040\000D\000o\000c\000u\000m\000e\000n\000t\000a\000t\000i\000o\000n}{section.4.6}% 34
\BOOKMARK [3][-]{subsubsection.4.6.2.1}{\376\377\000C\000a\000p\000e}{subsection.4.6.2}% 35
\BOOKMARK [2][-]{subsection.4.6.3}{\376\377\000M\000e\000m\000b\000e\000r\000\040\000F\000u\000n\000c\000t\000i\000o\000n\000\040\000D\000o\000c\000u\000m\000e\000n\000t\000a\000t\000i\000o\000n}{section.4.6}% 36
\BOOKMARK [3][-]{subsubsection.4.6.3.1}{\376\377\000g\000e\000t\000J\000u\000m\000p\000H\000e\000i\000g\000h\000t}{subsection.4.6.3}% 37
\BOOKMARK [3][-]{subsubsection.4.6.3.2}{\376\377\000g\000e\000t\000J\000u\000m\000p\000S\000p\000e\000e\000d}{subsection.4.6.3}% 38
\BOOKMARK [3][-]{subsubsection.4.6.3.3}{\376\377\000g\000e\000t\000S\000p\000e\000e\000d}{subsection.4.6.3}% 39
\BOOKMARK [1][-]{section.4.7}{\376\377\000C\000o\000n\000c\000r\000e\000t\000e\000F\000a\000c\000t\000o\000r\000y\000\040\000C\000l\000a\000s\000s\000\040\000R\000e\000f\000e\000r\000e\000n\000c\000e}{chapter.4}% 40
\BOOKMARK [2][-]{subsection.4.7.1}{\376\377\000D\000e\000t\000a\000i\000l\000e\000d\000\040\000D\000e\000s\000c\000r\000i\000p\000t\000i\000o\000n}{section.4.7}% 41
\BOOKMARK [2][-]{subsection.4.7.2}{\376\377\000M\000e\000m\000b\000e\000r\000\040\000F\000u\000n\000c\000t\000i\000o\000n\000\040\000D\000o\000c\000u\000m\000e\000n\000t\000a\000t\000i\000o\000n}{section.4.7}% 42
\BOOKMARK [3][-]{subsubsection.4.7.2.1}{\376\377\000b\000u\000i\000l\000d}{subsection.4.7.2}% 43
\BOOKMARK [1][-]{section.4.8}{\376\377\000G\000a\000m\000e\000M\000a\000n\000a\000g\000e\000r\000\040\000C\000l\000a\000s\000s\000\040\000R\000e\000f\000e\000r\000e\000n\000c\000e}{chapter.4}% 44
\BOOKMARK [2][-]{subsection.4.8.1}{\376\377\000D\000e\000t\000a\000i\000l\000e\000d\000\040\000D\000e\000s\000c\000r\000i\000p\000t\000i\000o\000n}{section.4.8}% 45
\BOOKMARK [2][-]{subsection.4.8.2}{\376\377\000C\000o\000n\000s\000t\000r\000u\000c\000t\000o\000r\000\040\000\046\000\040\000D\000e\000s\000t\000r\000u\000c\000t\000o\000r\000\040\000D\000o\000c\000u\000m\000e\000n\000t\000a\000t\000i\000o\000n}{section.4.8}% 46
\BOOKMARK [3][-]{subsubsection.4.8.2.1}{\376\377\000G\000a\000m\000e\000M\000a\000n\000a\000g\000e\000r}{subsection.4.8.2}% 47
\BOOKMARK [2][-]{subsection.4.8.3}{\376\377\000M\000e\000m\000b\000e\000r\000\040\000F\000u\000n\000c\000t\000i\000o\000n\000\040\000D\000o\000c\000u\000m\000e\000n\000t\000a\000t\000i\000o\000n}{section.4.8}% 48
\BOOKMARK [3][-]{subsubsection.4.8.3.1}{\376\377\000g\000e\000t\000I\000n\000s\000t\000a\000n\000c\000e}{subsection.4.8.3}% 49
\BOOKMARK [1][-]{section.4.9}{\376\377\000I\000B\000l\000o\000c\000k\000\040\000C\000l\000a\000s\000s\000\040\000R\000e\000f\000e\000r\000e\000n\000c\000e}{chapter.4}% 50
\BOOKMARK [2][-]{subsection.4.9.1}{\376\377\000D\000e\000t\000a\000i\000l\000e\000d\000\040\000D\000e\000s\000c\000r\000i\000p\000t\000i\000o\000n}{section.4.9}% 51
\BOOKMARK [2][-]{subsection.4.9.2}{\376\377\000M\000e\000m\000b\000e\000r\000\040\000F\000u\000n\000c\000t\000i\000o\000n\000\040\000D\000o\000c\000u\000m\000e\000n\000t\000a\000t\000i\000o\000n}{section.4.9}% 52
\BOOKMARK [3][-]{subsubsection.4.9.2.1}{\376\377\000g\000e\000t\000S\000p\000r\000i\000t\000e}{subsection.4.9.2}% 53
\BOOKMARK [3][-]{subsubsection.4.9.2.2}{\376\377\000g\000e\000t\000T\000e\000x\000t\000u\000r\000e}{subsection.4.9.2}% 54
\BOOKMARK [1][-]{section.4.10}{\376\377\000I\000L\000e\000v\000e\000l\000\040\000C\000l\000a\000s\000s\000\040\000R\000e\000f\000e\000r\000e\000n\000c\000e}{chapter.4}% 55
\BOOKMARK [2][-]{subsection.4.10.1}{\376\377\000D\000e\000t\000a\000i\000l\000e\000d\000\040\000D\000e\000s\000c\000r\000i\000p\000t\000i\000o\000n}{section.4.10}% 56
\BOOKMARK [2][-]{subsection.4.10.2}{\376\377\000M\000e\000m\000b\000e\000r\000\040\000F\000u\000n\000c\000t\000i\000o\000n\000\040\000D\000o\000c\000u\000m\000e\000n\000t\000a\000t\000i\000o\000n}{section.4.10}% 57
\BOOKMARK [3][-]{subsubsection.4.10.2.1}{\376\377\000d\000r\000a\000w\000L\000e\000v\000e\000l}{subsection.4.10.2}% 58
\BOOKMARK [3][-]{subsubsection.4.10.2.2}{\376\377\000g\000e\000t\000B\000l\000o\000c\000k\000s}{subsection.4.10.2}% 59
\BOOKMARK [3][-]{subsubsection.4.10.2.3}{\376\377\000g\000e\000t\000C\000a\000p\000e\000S\000p\000r\000i\000t\000e}{subsection.4.10.2}% 60
\BOOKMARK [3][-]{subsubsection.4.10.2.4}{\376\377\000g\000e\000t\000E\000n\000d\000S\000p\000r\000i\000t\000e}{subsection.4.10.2}% 61
\BOOKMARK [3][-]{subsubsection.4.10.2.5}{\376\377\000g\000e\000t\000H\000e\000i\000g\000h\000t}{subsection.4.10.2}% 62
\BOOKMARK [3][-]{subsubsection.4.10.2.6}{\376\377\000g\000e\000t\000N\000e\000x\000t}{subsection.4.10.2}% 63
\BOOKMARK [3][-]{subsubsection.4.10.2.7}{\376\377\000g\000e\000t\000S\000h\000o\000e\000s\000S\000p\000r\000i\000t\000e}{subsection.4.10.2}% 64
\BOOKMARK [3][-]{subsubsection.4.10.2.8}{\376\377\000g\000e\000t\000W\000i\000d\000t\000h}{subsection.4.10.2}% 65
\BOOKMARK [3][-]{subsubsection.4.10.2.9}{\376\377\000l\000o\000a\000d\000L\000e\000v\000e\000l}{subsection.4.10.2}% 66
\BOOKMARK [3][-]{subsubsection.4.10.2.10}{\376\377\000r\000e\000m\000o\000v\000e\000E\000l\000e\000m\000e\000n\000t}{subsection.4.10.2}% 67
\BOOKMARK [1][-]{section.4.11}{\376\377\000L\000e\000v\000e\000l\000O\000n\000e\000\040\000C\000l\000a\000s\000s\000\040\000R\000e\000f\000e\000r\000e\000n\000c\000e}{chapter.4}% 68
\BOOKMARK [2][-]{subsection.4.11.1}{\376\377\000D\000e\000t\000a\000i\000l\000e\000d\000\040\000D\000e\000s\000c\000r\000i\000p\000t\000i\000o\000n}{section.4.11}% 69
\BOOKMARK [2][-]{subsection.4.11.2}{\376\377\000M\000e\000m\000b\000e\000r\000\040\000F\000u\000n\000c\000t\000i\000o\000n\000\040\000D\000o\000c\000u\000m\000e\000n\000t\000a\000t\000i\000o\000n}{section.4.11}% 70
\BOOKMARK [3][-]{subsubsection.4.11.2.1}{\376\377\000d\000r\000a\000w\000L\000e\000v\000e\000l}{subsection.4.11.2}% 71
\BOOKMARK [3][-]{subsubsection.4.11.2.2}{\376\377\000g\000e\000t\000B\000l\000o\000c\000k\000s}{subsection.4.11.2}% 72
\BOOKMARK [3][-]{subsubsection.4.11.2.3}{\376\377\000g\000e\000t\000C\000a\000p\000e\000S\000p\000r\000i\000t\000e}{subsection.4.11.2}% 73
\BOOKMARK [3][-]{subsubsection.4.11.2.4}{\376\377\000g\000e\000t\000E\000n\000d\000S\000p\000r\000i\000t\000e}{subsection.4.11.2}% 74
\BOOKMARK [3][-]{subsubsection.4.11.2.5}{\376\377\000g\000e\000t\000H\000e\000i\000g\000h\000t}{subsection.4.11.2}% 75
\BOOKMARK [3][-]{subsubsection.4.11.2.6}{\376\377\000g\000e\000t\000N\000e\000x\000t}{subsection.4.11.2}% 76
\BOOKMARK [3][-]{subsubsection.4.11.2.7}{\376\377\000g\000e\000t\000S\000h\000o\000e\000s\000S\000p\000r\000i\000t\000e}{subsection.4.11.2}% 77
\BOOKMARK [3][-]{subsubsection.4.11.2.8}{\376\377\000g\000e\000t\000W\000i\000d\000t\000h}{subsection.4.11.2}% 78
\BOOKMARK [3][-]{subsubsection.4.11.2.9}{\376\377\000l\000o\000a\000d\000L\000e\000v\000e\000l}{subsection.4.11.2}% 79
\BOOKMARK [3][-]{subsubsection.4.11.2.10}{\376\377\000r\000e\000m\000o\000v\000e\000E\000l\000e\000m\000e\000n\000t}{subsection.4.11.2}% 80
\BOOKMARK [1][-]{section.4.12}{\376\377\000L\000e\000v\000e\000l\000T\000w\000o\000\040\000C\000l\000a\000s\000s\000\040\000R\000e\000f\000e\000r\000e\000n\000c\000e}{chapter.4}% 81
\BOOKMARK [2][-]{subsection.4.12.1}{\376\377\000D\000e\000t\000a\000i\000l\000e\000d\000\040\000D\000e\000s\000c\000r\000i\000p\000t\000i\000o\000n}{section.4.12}% 82
\BOOKMARK [2][-]{subsection.4.12.2}{\376\377\000M\000e\000m\000b\000e\000r\000\040\000F\000u\000n\000c\000t\000i\000o\000n\000\040\000D\000o\000c\000u\000m\000e\000n\000t\000a\000t\000i\000o\000n}{section.4.12}% 83
\BOOKMARK [3][-]{subsubsection.4.12.2.1}{\376\377\000d\000r\000a\000w\000L\000e\000v\000e\000l}{subsection.4.12.2}% 84
\BOOKMARK [3][-]{subsubsection.4.12.2.2}{\376\377\000g\000e\000t\000B\000l\000o\000c\000k\000s}{subsection.4.12.2}% 85
\BOOKMARK [3][-]{subsubsection.4.12.2.3}{\376\377\000g\000e\000t\000C\000a\000p\000e\000S\000p\000r\000i\000t\000e}{subsection.4.12.2}% 86
\BOOKMARK [3][-]{subsubsection.4.12.2.4}{\376\377\000g\000e\000t\000E\000n\000d\000S\000p\000r\000i\000t\000e}{subsection.4.12.2}% 87
\BOOKMARK [3][-]{subsubsection.4.12.2.5}{\376\377\000g\000e\000t\000H\000e\000i\000g\000h\000t}{subsection.4.12.2}% 88
\BOOKMARK [3][-]{subsubsection.4.12.2.6}{\376\377\000g\000e\000t\000N\000e\000x\000t}{subsection.4.12.2}% 89
\BOOKMARK [3][-]{subsubsection.4.12.2.7}{\376\377\000g\000e\000t\000S\000h\000o\000e\000s\000S\000p\000r\000i\000t\000e}{subsection.4.12.2}% 90
\BOOKMARK [3][-]{subsubsection.4.12.2.8}{\376\377\000g\000e\000t\000W\000i\000d\000t\000h}{subsection.4.12.2}% 91
\BOOKMARK [3][-]{subsubsection.4.12.2.9}{\376\377\000l\000o\000a\000d\000L\000e\000v\000e\000l}{subsection.4.12.2}% 92
\BOOKMARK [3][-]{subsubsection.4.12.2.10}{\376\377\000r\000e\000m\000o\000v\000e\000E\000l\000e\000m\000e\000n\000t}{subsection.4.12.2}% 93
\BOOKMARK [1][-]{section.4.13}{\376\377\000M\000e\000n\000u\000\040\000C\000l\000a\000s\000s\000\040\000R\000e\000f\000e\000r\000e\000n\000c\000e}{chapter.4}% 94
\BOOKMARK [2][-]{subsection.4.13.1}{\376\377\000D\000e\000t\000a\000i\000l\000e\000d\000\040\000D\000e\000s\000c\000r\000i\000p\000t\000i\000o\000n}{section.4.13}% 95
\BOOKMARK [2][-]{subsection.4.13.2}{\376\377\000M\000e\000m\000b\000e\000r\000\040\000F\000u\000n\000c\000t\000i\000o\000n\000\040\000D\000o\000c\000u\000m\000e\000n\000t\000a\000t\000i\000o\000n}{section.4.13}% 96
\BOOKMARK [3][-]{subsubsection.4.13.2.1}{\376\377\000g\000e\000t\000I\000n\000s\000t\000a\000n\000c\000e}{subsection.4.13.2}% 97
\BOOKMARK [1][-]{section.4.14}{\376\377\000P\000l\000a\000y\000e\000r\000\040\000C\000l\000a\000s\000s\000\040\000R\000e\000f\000e\000r\000e\000n\000c\000e}{chapter.4}% 98
\BOOKMARK [2][-]{subsection.4.14.1}{\376\377\000D\000e\000t\000a\000i\000l\000e\000d\000\040\000D\000e\000s\000c\000r\000i\000p\000t\000i\000o\000n}{section.4.14}% 99
\BOOKMARK [2][-]{subsection.4.14.2}{\376\377\000C\000o\000n\000s\000t\000r\000u\000c\000t\000o\000r\000\040\000\046\000\040\000D\000e\000s\000t\000r\000u\000c\000t\000o\000r\000\040\000D\000o\000c\000u\000m\000e\000n\000t\000a\000t\000i\000o\000n}{section.4.14}% 100
\BOOKMARK [3][-]{subsubsection.4.14.2.1}{\376\377\000P\000l\000a\000y\000e\000r}{subsection.4.14.2}% 101
\BOOKMARK [2][-]{subsection.4.14.3}{\376\377\000M\000e\000m\000b\000e\000r\000\040\000F\000u\000n\000c\000t\000i\000o\000n\000\040\000D\000o\000c\000u\000m\000e\000n\000t\000a\000t\000i\000o\000n}{section.4.14}% 102
\BOOKMARK [3][-]{subsubsection.4.14.3.1}{\376\377\000c\000o\000n\000t\000r\000o\000l\000s}{subsection.4.14.3}% 103
\BOOKMARK [3][-]{subsubsection.4.14.3.2}{\376\377\000g\000e\000t\000C\000u\000r\000r\000e\000n\000t\000F\000r\000a\000m\000e}{subsection.4.14.3}% 104
\BOOKMARK [3][-]{subsubsection.4.14.3.3}{\376\377\000g\000e\000t\000H\000e\000i\000g\000h\000t}{subsection.4.14.3}% 105
\BOOKMARK [3][-]{subsubsection.4.14.3.4}{\376\377\000g\000e\000t\000J\000u\000m\000p}{subsection.4.14.3}% 106
\BOOKMARK [3][-]{subsubsection.4.14.3.5}{\376\377\000g\000e\000t\000J\000u\000m\000p\000H\000e\000i\000g\000h\000t}{subsection.4.14.3}% 107
\BOOKMARK [3][-]{subsubsection.4.14.3.6}{\376\377\000g\000e\000t\000J\000u\000m\000p\000i\000n\000g}{subsection.4.14.3}% 108
\BOOKMARK [3][-]{subsubsection.4.14.3.7}{\376\377\000g\000e\000t\000J\000u\000m\000p\000S\000o\000u\000n\000d}{subsection.4.14.3}% 109
\BOOKMARK [3][-]{subsubsection.4.14.3.8}{\376\377\000g\000e\000t\000J\000u\000m\000p\000S\000o\000u\000n\000d\000B\000u\000f\000f\000e\000r}{subsection.4.14.3}% 110
\BOOKMARK [3][-]{subsubsection.4.14.3.9}{\376\377\000g\000e\000t\000J\000u\000m\000p\000S\000p\000e\000e\000d}{subsection.4.14.3}% 111
\BOOKMARK [3][-]{subsubsection.4.14.3.10}{\376\377\000g\000e\000t\000O\000n\000G\000r\000o\000u\000n\000d}{subsection.4.14.3}% 112
\BOOKMARK [3][-]{subsubsection.4.14.3.11}{\376\377\000g\000e\000t\000P\000o\000s\000i\000t\000i\000o\000n\000X}{subsection.4.14.3}% 113
\BOOKMARK [3][-]{subsubsection.4.14.3.12}{\376\377\000g\000e\000t\000P\000o\000s\000i\000t\000i\000o\000n\000Y}{subsection.4.14.3}% 114
\BOOKMARK [3][-]{subsubsection.4.14.3.13}{\376\377\000g\000e\000t\000R\000e\000c\000t}{subsection.4.14.3}% 115
\BOOKMARK [3][-]{subsubsection.4.14.3.14}{\376\377\000g\000e\000t\000R\000u\000n\000T\000e\000x\000t\000u\000r\000e\0001}{subsection.4.14.3}% 116
\BOOKMARK [3][-]{subsubsection.4.14.3.15}{\376\377\000g\000e\000t\000R\000u\000n\000T\000e\000x\000t\000u\000r\000e\0002}{subsection.4.14.3}% 117
\BOOKMARK [3][-]{subsubsection.4.14.3.16}{\376\377\000g\000e\000t\000R\000u\000n\000T\000e\000x\000t\000u\000r\000e\0003}{subsection.4.14.3}% 118
\BOOKMARK [3][-]{subsubsection.4.14.3.17}{\376\377\000g\000e\000t\000R\000u\000n\000T\000e\000x\000t\000u\000r\000e\0004}{subsection.4.14.3}% 119
\BOOKMARK [3][-]{subsubsection.4.14.3.18}{\376\377\000g\000e\000t\000R\000u\000n\000T\000e\000x\000t\000u\000r\000e\0005}{subsection.4.14.3}% 120
\BOOKMARK [3][-]{subsubsection.4.14.3.19}{\376\377\000g\000e\000t\000R\000u\000n\000T\000e\000x\000t\000u\000r\000e\0006}{subsection.4.14.3}% 121
\BOOKMARK [3][-]{subsubsection.4.14.3.20}{\376\377\000g\000e\000t\000S\000p\000e\000e\000d}{subsection.4.14.3}% 122
\BOOKMARK [3][-]{subsubsection.4.14.3.21}{\376\377\000g\000e\000t\000S\000p\000r\000i\000t\000e}{subsection.4.14.3}% 123
\BOOKMARK [3][-]{subsubsection.4.14.3.22}{\376\377\000g\000e\000t\000T\000e\000x\000t\000u\000r\000e}{subsection.4.14.3}% 124
\BOOKMARK [3][-]{subsubsection.4.14.3.23}{\376\377\000g\000e\000t\000W\000i\000d\000t\000h}{subsection.4.14.3}% 125
\BOOKMARK [3][-]{subsubsection.4.14.3.24}{\376\377\000j\000u\000m\000p\000A\000n\000i\000m\000a\000t\000i\000o\000n}{subsection.4.14.3}% 126
\BOOKMARK [3][-]{subsubsection.4.14.3.25}{\376\377\000s\000e\000t\000J\000u\000m\000p\000H\000e\000i\000g\000h\000t}{subsection.4.14.3}% 127
\BOOKMARK [3][-]{subsubsection.4.14.3.26}{\376\377\000s\000e\000t\000J\000u\000m\000p\000i\000n\000g}{subsection.4.14.3}% 128
\BOOKMARK [3][-]{subsubsection.4.14.3.27}{\376\377\000s\000e\000t\000J\000u\000m\000p\000S\000p\000e\000e\000d}{subsection.4.14.3}% 129
\BOOKMARK [3][-]{subsubsection.4.14.3.28}{\376\377\000s\000e\000t\000O\000n\000G\000r\000o\000u\000n\000d}{subsection.4.14.3}% 130
\BOOKMARK [3][-]{subsubsection.4.14.3.29}{\376\377\000s\000e\000t\000S\000p\000e\000e\000d}{subsection.4.14.3}% 131
\BOOKMARK [1][-]{section.4.15}{\376\377\000S\000h\000o\000e\000s\000\040\000C\000l\000a\000s\000s\000\040\000R\000e\000f\000e\000r\000e\000n\000c\000e}{chapter.4}% 132
\BOOKMARK [2][-]{subsection.4.15.1}{\376\377\000D\000e\000t\000a\000i\000l\000e\000d\000\040\000D\000e\000s\000c\000r\000i\000p\000t\000i\000o\000n}{section.4.15}% 133
\BOOKMARK [2][-]{subsection.4.15.2}{\376\377\000C\000o\000n\000s\000t\000r\000u\000c\000t\000o\000r\000\040\000\046\000\040\000D\000e\000s\000t\000r\000u\000c\000t\000o\000r\000\040\000D\000o\000c\000u\000m\000e\000n\000t\000a\000t\000i\000o\000n}{section.4.15}% 134
\BOOKMARK [3][-]{subsubsection.4.15.2.1}{\376\377\000S\000h\000o\000e\000s}{subsection.4.15.2}% 135
\BOOKMARK [2][-]{subsection.4.15.3}{\376\377\000M\000e\000m\000b\000e\000r\000\040\000F\000u\000n\000c\000t\000i\000o\000n\000\040\000D\000o\000c\000u\000m\000e\000n\000t\000a\000t\000i\000o\000n}{section.4.15}% 136
\BOOKMARK [3][-]{subsubsection.4.15.3.1}{\376\377\000g\000e\000t\000J\000u\000m\000p\000H\000e\000i\000g\000h\000t}{subsection.4.15.3}% 137
\BOOKMARK [3][-]{subsubsection.4.15.3.2}{\376\377\000g\000e\000t\000J\000u\000m\000p\000S\000p\000e\000e\000d}{subsection.4.15.3}% 138
\BOOKMARK [3][-]{subsubsection.4.15.3.3}{\376\377\000g\000e\000t\000S\000p\000e\000e\000d}{subsection.4.15.3}% 139
\BOOKMARK [0][-]{chapter.5}{\376\377\000F\000i\000l\000e\000\040\000D\000o\000c\000u\000m\000e\000n\000t\000a\000t\000i\000o\000n}{}% 140
\BOOKMARK [1][-]{section.5.1}{\376\377\000i\000n\000c\000l\000u\000d\000e\000/\000D\000e\000c\000o\000r\000a\000t\000o\000r\000/\000A\000U\000p\000g\000r\000a\000d\000e\000.\000h\000\040\000F\000i\000l\000e\000\040\000R\000e\000f\000e\000r\000e\000n\000c\000e}{chapter.5}% 141
\BOOKMARK [1][-]{section.5.2}{\376\377\000i\000n\000c\000l\000u\000d\000e\000/\000D\000e\000c\000o\000r\000a\000t\000o\000r\000/\000C\000a\000p\000e\000.\000h\000\040\000F\000i\000l\000e\000\040\000R\000e\000f\000e\000r\000e\000n\000c\000e}{chapter.5}% 142
\BOOKMARK [1][-]{section.5.3}{\376\377\000i\000n\000c\000l\000u\000d\000e\000/\000D\000e\000c\000o\000r\000a\000t\000o\000r\000/\000P\000l\000a\000y\000e\000r\000.\000h\000\040\000F\000i\000l\000e\000\040\000R\000e\000f\000e\000r\000e\000n\000c\000e}{chapter.5}% 143
\BOOKMARK [1][-]{section.5.4}{\376\377\000i\000n\000c\000l\000u\000d\000e\000/\000D\000e\000c\000o\000r\000a\000t\000o\000r\000/\000S\000h\000o\000e\000s\000.\000h\000\040\000F\000i\000l\000e\000\040\000R\000e\000f\000e\000r\000e\000n\000c\000e}{chapter.5}% 144
\BOOKMARK [1][-]{section.5.5}{\376\377\000i\000n\000c\000l\000u\000d\000e\000/\000F\000a\000c\000t\000o\000r\000y\000/\000A\000F\000a\000c\000t\000o\000r\000y\000.\000h\000\040\000F\000i\000l\000e\000\040\000R\000e\000f\000e\000r\000e\000n\000c\000e}{chapter.5}% 145
\BOOKMARK [1][-]{section.5.6}{\376\377\000i\000n\000c\000l\000u\000d\000e\000/\000F\000a\000c\000t\000o\000r\000y\000/\000B\000l\000o\000c\000k\000G\000r\000o\000u\000n\000d\0001\000.\000h\000\040\000F\000i\000l\000e\000\040\000R\000e\000f\000e\000r\000e\000n\000c\000e}{chapter.5}% 146
\BOOKMARK [1][-]{section.5.7}{\376\377\000i\000n\000c\000l\000u\000d\000e\000/\000F\000a\000c\000t\000o\000r\000y\000/\000B\000l\000o\000c\000k\000G\000r\000o\000u\000n\000d\0002\000.\000h\000\040\000F\000i\000l\000e\000\040\000R\000e\000f\000e\000r\000e\000n\000c\000e}{chapter.5}% 147
\BOOKMARK [1][-]{section.5.8}{\376\377\000i\000n\000c\000l\000u\000d\000e\000/\000F\000a\000c\000t\000o\000r\000y\000/\000B\000l\000o\000c\000k\000G\000r\000o\000u\000n\000d\0003\000.\000h\000\040\000F\000i\000l\000e\000\040\000R\000e\000f\000e\000r\000e\000n\000c\000e}{chapter.5}% 148
\BOOKMARK [1][-]{section.5.9}{\376\377\000i\000n\000c\000l\000u\000d\000e\000/\000F\000a\000c\000t\000o\000r\000y\000/\000C\000o\000n\000c\000r\000e\000t\000e\000F\000a\000c\000t\000o\000r\000y\000.\000h\000\040\000F\000i\000l\000e\000\040\000R\000e\000f\000e\000r\000e\000n\000c\000e}{chapter.5}% 149
\BOOKMARK [1][-]{section.5.10}{\376\377\000i\000n\000c\000l\000u\000d\000e\000/\000F\000a\000c\000t\000o\000r\000y\000/\000I\000B\000l\000o\000c\000k\000.\000h\000\040\000F\000i\000l\000e\000\040\000R\000e\000f\000e\000r\000e\000n\000c\000e}{chapter.5}% 150
\BOOKMARK [1][-]{section.5.11}{\376\377\000i\000n\000c\000l\000u\000d\000e\000/\000S\000i\000n\000g\000l\000e\000t\000o\000n\000/\000G\000a\000m\000e\000M\000a\000n\000a\000g\000e\000r\000.\000h\000\040\000F\000i\000l\000e\000\040\000R\000e\000f\000e\000r\000e\000n\000c\000e}{chapter.5}% 151
\BOOKMARK [1][-]{section.5.12}{\376\377\000i\000n\000c\000l\000u\000d\000e\000/\000S\000i\000n\000g\000l\000e\000t\000o\000n\000/\000M\000e\000n\000u\000.\000h\000\040\000F\000i\000l\000e\000\040\000R\000e\000f\000e\000r\000e\000n\000c\000e}{chapter.5}% 152
\BOOKMARK [1][-]{section.5.13}{\376\377\000i\000n\000c\000l\000u\000d\000e\000/\000S\000t\000r\000a\000t\000e\000g\000y\000/\000I\000L\000e\000v\000e\000l\000.\000h\000\040\000F\000i\000l\000e\000\040\000R\000e\000f\000e\000r\000e\000n\000c\000e}{chapter.5}% 153
\BOOKMARK [1][-]{section.5.14}{\376\377\000i\000n\000c\000l\000u\000d\000e\000/\000S\000t\000r\000a\000t\000e\000g\000y\000/\000L\000e\000v\000e\000l\000O\000n\000e\000.\000h\000\040\000F\000i\000l\000e\000\040\000R\000e\000f\000e\000r\000e\000n\000c\000e}{chapter.5}% 154
\BOOKMARK [1][-]{section.5.15}{\376\377\000i\000n\000c\000l\000u\000d\000e\000/\000S\000t\000r\000a\000t\000e\000g\000y\000/\000L\000e\000v\000e\000l\000T\000w\000o\000.\000h\000\040\000F\000i\000l\000e\000\040\000R\000e\000f\000e\000r\000e\000n\000c\000e}{chapter.5}% 155
\BOOKMARK [-1][-]{section*.51}{\376\377\000I\000n\000d\000e\000x}{}% 156
